<?xml version="1.0" encoding="UTF-8"?>
<testsuite xmlns:xsi="http://www.w3.org/2001/XMLSchema-instance" xsi:noNamespaceSchemaLocation="https://maven.apache.org/surefire/maven-surefire-plugin/xsd/surefire-test-report.xsd" version="3.0.2" name="com.divya.url_shortener.performance.UrlPerformanceTest" time="1.969" tests="1" errors="0" skipped="0" failures="0" flakes="0">
  <properties>
[...]
</properties>
  <testcase name="shouldCreateUrlsWithinAcceptableTime" classname="com.divya.url_shortener.performance.UrlPerformanceTest" time="0.436">
    <system-out><![CDATA[2026-09-09T00:00:49.240-05:00  INFO 30920 --- [url-shortener] [           main] t.c.s.AnnotationConfigContextLoaderUtils : Could not detect default configuration classes for test class [com.divya.url_shortener.performance.UrlPerformanceTest]: UrlPerformanceTest does not declare any static, non-private, non-final, nested classes annotated with @Configuration.
2026-09-09T00:00:49.265-05:00  INFO 30920 --- [url-shortener] [           main] .b.t.c.SpringBootTestContextBootstrapper : Found @SpringBootConfiguration com.divya.url_shortener.UrlShortenerApplication for test class com.divya.url_shortener.performance.UrlPerformanceTest
2026-09-09T00:00:49.271-05:00  INFO 30920 --- [url-shortener] [           main] t.c.s.AnnotationConfigContextLoaderUtils : Could not detect default configuration classes for test class [com.divya.url_shortener.performance.UrlPerformanceTest]: UrlPerformanceTest does not declare any static, non-private, non-final, nested classes annotated with @Configuration.
2026-09-09T00:00:49.275-05:00  INFO 30920 --- [url-shortener] [           main] .b.t.c.SpringBootTestContextBootstrapper : Found @SpringBootConfiguration com.divya.url_shortener.UrlShortenerApplication for test class com.divya.url_shortener.performance.UrlPerformanceTest

  .   ____          _            __ _ _
 /\\ / ___'_ __ _ _(_)_ __  __ _ \ \ \ \
( ( )\___ | '_ | '_| | '_ \/ _` | \ \ \ \
 \\/  ___)| |_)| | | | | || (_| |  ) ) ) )
  '  |____| .__|_| |_|_| |_\__, | / / / /
 =========|_|==============|___/=/_/_/_/

 :: Spring Boot ::                (v4.1.1)

2026-09-09T00:00:49.354-05:00  INFO 30920 --- [url-shortener] [           main] c.d.u.performance.UrlPerformanceTest     : Starting UrlPerformanceTest using Java 21.0.12.1 with PID 30920 (started by mekal in C:\Users\mekal\IdeaProjects\url-shortener)
2026-09-09T00:00:49.355-05:00  INFO 30920 --- [url-shortener] [           main] c.d.u.performance.UrlPerformanceTest     : No active profile set, falling back to 1 default profile: "default"
2026-09-09T00:00:49.852-05:00  INFO 30920 --- [url-shortener] [           main] .s.d.r.c.RepositoryConfigurationDelegate : Bootstrapping Spring Data JPA repositories in DEFAULT mode.
2026-09-09T00:00:49.878-05:00  INFO 30920 --- [url-shortener] [           main] .s.d.r.c.RepositoryConfigurationDelegate : Finished Spring Data repository scanning in 21 ms. Found 2 JPA repository interfaces.
2026-09-09T00:00:50.066-05:00  INFO 30920 --- [url-shortener] [           main] org.hibernate.orm.jpa                    : HHH008540: Processing PersistenceUnitInfo [name: default]
2026-09-09T00:00:50.147-05:00  INFO 30920 --- [url-shortener] [           main] o.s.o.j.p.SpringPersistenceUnitInfo      : No LoadTimeWeaver setup: ignoring JPA class transformer
2026-09-09T00:00:50.149-05:00  INFO 30920 --- [url-shortener] [           main] com.zaxxer.hikari.HikariDataSource       : HikariPool-2 - Starting...
2026-09-09T00:00:50.152-05:00  INFO 30920 --- [url-shortener] [           main] com.zaxxer.hikari.pool.HikariPool        : HikariPool-2 - Added connection conn10: url=jdbc:h2:mem:urlshortener user=SA
2026-09-09T00:00:50.153-05:00  INFO 30920 --- [url-shortener] [           main] com.zaxxer.hikari.HikariDataSource       : HikariPool-2 - Start completed.
2026-09-09T00:00:50.156-05:00  INFO 30920 --- [url-shortener] [           main] org.hibernate.orm.connections.pooling    : HHH10001005: Database info:
	Database JDBC URL [jdbc:h2:mem:urlshortener]
	Database driver: H2 JDBC Driver
	Database dialect: H2Dialect
	Database version: 2.4.240
	Default catalog/schema: URLSHORTENER/PUBLIC
	Autocommit mode: undefined/unknown
	Isolation level: READ_COMMITTED [default READ_COMMITTED]
	JDBC fetch size: 100
	Pool: DataSourceConnectionProvider
	Minimum pool size: undefined/unknown
	Maximum pool size: undefined/unknown
2026-09-09T00:00:50.283-05:00  INFO 30920 --- [url-shortener] [           main] org.hibernate.orm.core                   : HHH000489: No JTA platform available (set 'hibernate.transaction.jta.platform' to enable JTA platform integration)
2026-09-09T00:00:50.284-05:00  INFO 30920 --- [url-shortener] [           main] org.hibernate.orm.jdbc.batch             : HHH100501: Automatic JDBC statement batching enabled (maximum batch size 50)
2026-09-09T00:00:50.300-05:00  INFO 30920 --- [url-shortener] [           main] j.LocalContainerEntityManagerFactoryBean : Initialized JPA EntityManagerFactory for persistence unit 'default'
2026-09-09T00:00:50.640-05:00  INFO 30920 --- [url-shortener] [           main] o.s.b.h.a.H2ConsoleAutoConfiguration     : H2 console available at '/h2-console'. Database available at 'jdbc:h2:mem:urlshortener'
2026-09-09T00:00:50.697-05:00  INFO 30920 --- [url-shortener] [           main] o.s.b.a.e.web.EndpointLinksResolver      : Exposing 1 endpoint beneath base path '/actuator'
2026-09-09T00:00:50.738-05:00  INFO 30920 --- [url-shortener] [           main] c.d.u.performance.UrlPerformanceTest     : Started UrlPerformanceTest in 1.446 seconds (process running for 24.44)
Created 100 URLs in 430 ms
]]></system-out>
  </testcase>
</testsuite>