<?xml version="1.0" encoding="UTF-8"?>
<testsuite xmlns:xsi="http://www.w3.org/2001/XMLSchema-instance" xsi:noNamespaceSchemaLocation="https://maven.apache.org/surefire/maven-surefire-plugin/xsd/surefire-test-report.xsd" version="3.0.2" name="com.divya.url_shortener.integration.UrlIntegrationTest" time="17.062" tests="6" errors="0" skipped="0" failures="0" flakes="0">
  <properties>
[...]
</properties>
  <testcase name="shouldCreateShortUrlSuccessfully" classname="com.divya.url_shortener.integration.UrlIntegrationTest" time="2.724">
    <system-out><![CDATA[20:21:06.034 [main] INFO org.springframework.test.context.support.AnnotationConfigContextLoaderUtils -- Could not detect default configuration classes for test class [com.divya.url_shortener.integration.UrlIntegrationTest]: UrlIntegrationTest does not declare any static, non-private, non-final, nested classes annotated with @Configuration.
20:21:06.572 [main] INFO org.springframework.boot.test.context.SpringBootTestContextBootstrapper -- Found @SpringBootConfiguration com.divya.url_shortener.UrlShortenerApplication for test class com.divya.url_shortener.integration.UrlIntegrationTest
20:21:06.788 [main] INFO org.springframework.test.context.support.AnnotationConfigContextLoaderUtils -- Could not detect default configuration classes for test class [com.divya.url_shortener.integration.UrlIntegrationTest]: UrlIntegrationTest does not declare any static, non-private, non-final, nested classes annotated with @Configuration.
20:21:06.791 [main] INFO org.springframework.boot.test.context.SpringBootTestContextBootstrapper -- Found @SpringBootConfiguration com.divya.url_shortener.UrlShortenerApplication for test class com.divya.url_shortener.integration.UrlIntegrationTest

  .   ____          _            __ _ _
 /\\ / ___'_ __ _ _(_)_ __  __ _ \ \ \ \
( ( )\___ | '_ | '_| | '_ \/ _` | \ \ \ \
 \\/  ___)| |_)| | | | | || (_| |  ) ) ) )
  '  |____| .__|_| |_|_| |_\__, | / / / /
 =========|_|==============|___/=/_/_/_/

 :: Spring Boot ::                (v4.1.1)

2026-09-08T20:21:07.552-05:00  INFO 9672 --- [url-shortener] [           main] c.d.u.integration.UrlIntegrationTest     : Starting UrlIntegrationTest using Java 21.0.12.1 with PID 9672 (started by mekal in C:\Users\mekal\IdeaProjects\url-shortener)
2026-09-08T20:21:07.556-05:00  INFO 9672 --- [url-shortener] [           main] c.d.u.integration.UrlIntegrationTest     : No active profile set, falling back to 1 default profile: "default"
2026-09-08T20:21:09.165-05:00  INFO 9672 --- [url-shortener] [           main] .s.d.r.c.RepositoryConfigurationDelegate : Bootstrapping Spring Data JPA repositories in DEFAULT mode.
2026-09-08T20:21:09.300-05:00  INFO 9672 --- [url-shortener] [           main] .s.d.r.c.RepositoryConfigurationDelegate : Finished Spring Data repository scanning in 115 ms. Found 2 JPA repository interfaces.
2026-09-08T20:21:10.870-05:00  INFO 9672 --- [url-shortener] [           main] o.s.boot.tomcat.TomcatWebServer          : Tomcat initialized with port 0 (http)
2026-09-08T20:21:10.900-05:00  INFO 9672 --- [url-shortener] [           main] o.apache.catalina.core.StandardService   : Starting service [Tomcat]
2026-09-08T20:21:10.901-05:00  INFO 9672 --- [url-shortener] [           main] o.apache.catalina.core.StandardEngine    : Starting Servlet engine: [Apache Tomcat/11.0.24]
2026-09-08T20:21:11.001-05:00  INFO 9672 --- [url-shortener] [           main] b.w.c.s.WebApplicationContextInitializer : Root WebApplicationContext: initialization completed in 3389 ms
2026-09-08T20:21:11.920-05:00  INFO 9672 --- [url-shortener] [           main] org.hibernate.orm.jpa                    : HHH008540: Processing PersistenceUnitInfo [name: default]
2026-09-08T20:21:12.132-05:00  INFO 9672 --- [url-shortener] [           main] org.hibernate.orm.core                   : HHH000001: Hibernate ORM core version 7.4.5.Final
2026-09-08T20:21:13.180-05:00  INFO 9672 --- [url-shortener] [           main] o.s.o.j.p.SpringPersistenceUnitInfo      : No LoadTimeWeaver setup: ignoring JPA class transformer
2026-09-08T20:21:13.253-05:00  INFO 9672 --- [url-shortener] [           main] com.zaxxer.hikari.HikariDataSource       : HikariPool-1 - Starting...
2026-09-08T20:21:13.645-05:00  INFO 9672 --- [url-shortener] [           main] com.zaxxer.hikari.pool.HikariPool        : HikariPool-1 - Added connection conn0: url=jdbc:h2:mem:urlshortener user=SA
2026-09-08T20:21:13.648-05:00  INFO 9672 --- [url-shortener] [           main] com.zaxxer.hikari.HikariDataSource       : HikariPool-1 - Start completed.
2026-09-08T20:21:13.793-05:00  INFO 9672 --- [url-shortener] [           main] org.hibernate.orm.connections.pooling    : HHH10001005: Database info:
	Database JDBC URL [jdbc:h2:mem:urlshortener]
	Database driver: H2 JDBC Driver
	Database dialect: H2Dialect
	Database version: 2.4.240
	Default catalog/schema: URLSHORTENER/PUBLIC
	Autocommit mode: undefined/unknown
	Isolation level: READ_COMMITTED [default READ_COMMITTED]
	JDBC fetch size: 100
	Pool: DataSourceConnectionProvider
	Minimum pool size: undefined/unknown
	Maximum pool size: undefined/unknown
2026-09-08T20:21:15.595-05:00  INFO 9672 --- [url-shortener] [           main] org.hibernate.orm.core                   : HHH000489: No JTA platform available (set 'hibernate.transaction.jta.platform' to enable JTA platform integration)
2026-09-08T20:21:15.813-05:00  INFO 9672 --- [url-shortener] [           main] j.LocalContainerEntityManagerFactoryBean : Initialized JPA EntityManagerFactory for persistence unit 'default'
2026-09-08T20:21:16.269-05:00  INFO 9672 --- [url-shortener] [           main] o.s.d.j.r.query.QueryEnhancerFactories   : Hibernate is in classpath; If applicable, HQL parser will be used.
2026-09-08T20:21:18.011-05:00  INFO 9672 --- [url-shortener] [           main] o.s.b.h.a.H2ConsoleAutoConfiguration     : H2 console available at '/h2-console'. Database available at 'jdbc:h2:mem:urlshortener'
2026-09-08T20:21:18.151-05:00  INFO 9672 --- [url-shortener] [           main] o.s.b.a.e.web.EndpointLinksResolver      : Exposing 1 endpoint beneath base path '/actuator'
2026-09-08T20:21:18.370-05:00  INFO 9672 --- [url-shortener] [           main] o.s.boot.tomcat.TomcatWebServer          : Tomcat started on port 61118 (http) with context path '/'
2026-09-08T20:21:18.386-05:00  INFO 9672 --- [url-shortener] [           main] c.d.u.integration.UrlIntegrationTest     : Started UrlIntegrationTest in 11.484 seconds (process running for 17.855)
2026-09-08T20:21:20.130-05:00  INFO 9672 --- [url-shortener] [o-auto-1-exec-1] o.a.c.c.C.[Tomcat].[localhost].[/]       : Initializing Spring DispatcherServlet 'dispatcherServlet'
2026-09-08T20:21:20.130-05:00  INFO 9672 --- [url-shortener] [o-auto-1-exec-1] o.s.web.servlet.DispatcherServlet        : Initializing Servlet 'dispatcherServlet'
2026-09-08T20:21:20.132-05:00  INFO 9672 --- [url-shortener] [o-auto-1-exec-1] o.s.web.servlet.DispatcherServlet        : Completed initialization in 2 ms
]]></system-out>
    <system-err><![CDATA[Mockito is currently self-attaching to enable the inline-mock-maker. This will no longer work in future releases of the JDK. Please add Mockito as an agent to your build as described in Mockito's documentation: https://javadoc.io/doc/org.mockito/mockito-core/latest/org.mockito/org/mockito/Mockito.html#0.3
WARNING: A Java agent has been loaded dynamically (C:\Users\mekal\.m2\repository\net\bytebuddy\byte-buddy-agent\1.18.11\byte-buddy-agent-1.18.11.jar)
WARNING: If a serviceability tool is in use, please run with -XX:+EnableDynamicAgentLoading to hide this warning
WARNING: If a serviceability tool is not in use, please run with -Djdk.instrument.traceUsage for more information
WARNING: Dynamic loading of agents will be disallowed by default in a future release
]]></system-err>
  </testcase>
  <testcase name="shouldRedirectToOriginalUrl" classname="com.divya.url_shortener.integration.UrlIntegrationTest" time="0.095"/>
  <testcase name="shouldReturnBadRequestForInvalidUrl" classname="com.divya.url_shortener.integration.UrlIntegrationTest" time="0.054"/>
  <testcase name="shouldReturnNotFoundForMissingShortCode" classname="com.divya.url_shortener.integration.UrlIntegrationTest" time="0.033"/>
  <testcase name="shouldTrackClicksInAnalytics" classname="com.divya.url_shortener.integration.UrlIntegrationTest" time="0.091"/>
  <testcase name="shouldRejectExpiredUrl" classname="com.divya.url_shortener.integration.UrlIntegrationTest" time="0.081"/>
</testsuite>